<?xml version="1.0" encoding="UTF-8"?>
<!-- Generated by org.testng.reporters.JUnitXMLReporter -->
<testsuite ignored="0" hostname="LAPTOP-IOBU0KIJ" failures="0" tests="2" name="chrometest" time="25.858" errors="0" timestamp="2024-09-09T01:39:05 AEST">
  <testcase classname="testCases.TC014_VerifyCheckoutFeatureForDifferentUsers" name="verifyCheckoutFeatureForDifferentUsers" time="11.424"/>
  <testcase classname="testCases.TC014_VerifyCheckoutFeatureForDifferentUsers" name="verifyCheckoutFeatureForDifferentUsers" time="10.211"/>
</testsuite> <!-- chrometest -->
