<?xml version="1.0" encoding="UTF-8"?>
<testng-results ignored="0" total="2" passed="2" failed="0" skipped="0">
  <reporter-output>
  </reporter-output>
  <suite started-at="2024-09-09T01:38:39 AEST" name="Suite" finished-at="2024-09-09T01:39:05 AEST" duration-ms="25858">
    <groups>
    </groups>
    <test started-at="2024-09-09T01:38:39 AEST" name="chrometest" finished-at="2024-09-09T01:39:05 AEST" duration-ms="25858">
      <class name="testCases.TC014_VerifyCheckoutFeatureForDifferentUsers">
        <test-method is-config="true" signature="setup(java.lang.String)[pri:0, instance:testCases.TC014_VerifyCheckoutFeatureForDifferentUsers@23bff419]" started-at="2024-09-09T01:38:39 AEST" name="setup" finished-at="2024-09-09T01:38:42 AEST" duration-ms="3162" status="PASS">
          <params>
            <param index="0">
              <value>
                <![CDATA[chrome]]>
              </value>
            </param>
          </params>
          <reporter-output>
          </reporter-output>
        </test-method> <!-- setup -->
        <test-method signature="verifyCheckoutFeatureForDifferentUsers(java.lang.String,java.lang.String)[pri:0, instance:testCases.TC014_VerifyCheckoutFeatureForDifferentUsers@23bff419]" started-at="2024-09-09T01:38:42 AEST" name="verifyCheckoutFeatureForDifferentUsers" data-provider="LoginData" finished-at="2024-09-09T01:38:54 AEST" duration-ms="11424" status="PASS">
          <params>
            <param index="0">
              <value>
                <![CDATA[standard_user]]>
              </value>
            </param>
            <param index="1">
              <value>
                <![CDATA[secret_sauce]]>
              </value>
            </param>
          </params>
          <reporter-output>
          </reporter-output>
        </test-method> <!-- verifyCheckoutFeatureForDifferentUsers -->
        <test-method signature="verifyCheckoutFeatureForDifferentUsers(java.lang.String,java.lang.String)[pri:0, instance:testCases.TC014_VerifyCheckoutFeatureForDifferentUsers@23bff419]" started-at="2024-09-09T01:38:54 AEST" name="verifyCheckoutFeatureForDifferentUsers" data-provider="LoginData" finished-at="2024-09-09T01:39:04 AEST" duration-ms="10211" status="PASS">
          <params>
            <param index="0">
              <value>
                <![CDATA[problem_user]]>
              </value>
            </param>
            <param index="1">
              <value>
                <![CDATA[secret_sauce]]>
              </value>
            </param>
          </params>
          <reporter-output>
          </reporter-output>
        </test-method> <!-- verifyCheckoutFeatureForDifferentUsers -->
        <test-method is-config="true" signature="tearDown()[pri:0, instance:testCases.TC014_VerifyCheckoutFeatureForDifferentUsers@23bff419]" started-at="2024-09-09T01:39:04 AEST" name="tearDown" finished-at="2024-09-09T01:39:05 AEST" duration-ms="775" status="PASS">
          <reporter-output>
          </reporter-output>
        </test-method> <!-- tearDown -->
      </class> <!-- testCases.TC014_VerifyCheckoutFeatureForDifferentUsers -->
    </test> <!-- chrometest -->
  </suite> <!-- Suite -->
</testng-results>
